build/app/intermediates/manifest_merge_blame_file/debug/manifest-merger-blame-debug-report.txt
1<?xml version="1.0" encoding="utf-8"?>
2<manifest xmlns:android="http://schemas.android.com/apk/res/android"
3    package="com.example.vida"
4    android:versionCode="1"
5    android:versionName="1.0.0" >
6
7    <uses-sdk
8        android:minSdkVersion="19"
9        android:targetSdkVersion="30" />
10    <!--
11         The INTERNET permission is required for development. Specifically,
12         the Flutter tool needs it to communicate with the running application
13         to allow setting breakpoints, to provide hot reload, etc.
14    -->
15    <uses-permission android:name="android.permission.INTERNET" />
15-->src\debug\AndroidManifest.xml:7:5-66
15-->src\debug\AndroidManifest.xml:7:22-64
16    <uses-permission android:name="android.permission.VIBRATE" />
16-->src\debug\AndroidManifest.xml:8:5-66
16-->src\debug\AndroidManifest.xml:8:22-63
17    <uses-permission android:name="android.permission.RECEIVE_BOOT_COMPLETED" />
17-->src\debug\AndroidManifest.xml:9:5-80
17-->src\debug\AndroidManifest.xml:9:22-78
18    <uses-permission android:name="android.permission.READ_EXTERNAL_STORAGE" />
18-->[:file_picker] AndroidManifest.xml:9:5-80
18-->[:file_picker] AndroidManifest.xml:9:22-77
19
20    <queries>
20-->[:file_picker] AndroidManifest.xml:11:5-17:15
21        <intent>
21-->[:file_picker] AndroidManifest.xml:12:9-16:18
22            <action android:name="android.intent.action.GET_CONTENT" />
22-->[:file_picker] AndroidManifest.xml:13:13-72
22-->[:file_picker] AndroidManifest.xml:13:21-69
23
24            <data android:mimeType="*/*" />
24-->[:file_picker] AndroidManifest.xml:15:13-44
24-->[:file_picker] AndroidManifest.xml:15:19-41
25        </intent>
26    </queries>
27
28    <uses-permission android:name="android.permission.USE_FULL_SCREEN_INTENT" />
28-->[:flutter_local_notifications] AndroidManifest.xml:11:5-81
28-->[:flutter_local_notifications] AndroidManifest.xml:11:22-78
29    <uses-permission android:name="android.permission.SCHEDULE_EXACT_ALARM" />
29-->[:flutter_local_notifications] AndroidManifest.xml:12:5-79
29-->[:flutter_local_notifications] AndroidManifest.xml:12:22-76
30    <uses-permission android:name="android.permission.POST_NOTIFICATIONS" /> <!-- Although the *SdkVersion is captured in gradle build files, this is required for non gradle builds -->
30-->[:flutter_local_notifications] AndroidManifest.xml:13:5-77
30-->[:flutter_local_notifications] AndroidManifest.xml:13:22-74
31    <!-- <uses-sdk android:minSdkVersion="14" /> -->
32    <uses-permission android:name="android.permission.ACCESS_NETWORK_STATE" />
32-->[com.google.firebase:firebase-firestore:24.1.2] AndroidManifest.xml:13:5-79
32-->[com.google.firebase:firebase-firestore:24.1.2] AndroidManifest.xml:13:22-76
33
34    <application
35        android:name="android.app.Application"
36        android:allowBackup="true"
36-->[:eSewaSdk:] AndroidManifest.xml:14:18-44
37        android:appComponentFactory="androidx.core.app.CoreComponentFactory"
37-->[androidx.core:core:1.6.0] AndroidManifest.xml:24:18-86
38        android:debuggable="true"
39        android:icon="@mipmap/ic_launcher"
40        android:label="vida"
41        android:theme="@style/Theme.AppCompat.Light.NoActionBar" >
42        <activity
43            android:name="com.example.vida.MainActivity"
44            android:configChanges="orientation|keyboardHidden|keyboard|screenSize|smallestScreenSize|locale|layoutDirection|fontScale|screenLayout|density|uiMode"
45            android:exported="true"
46            android:hardwareAccelerated="true"
47            android:launchMode="singleTop"
48            android:theme="@style/LaunchTheme"
49            android:windowSoftInputMode="adjustResize" >
50            <meta-data
51                android:name="flutter_deeplinking_enabled"
52                android:value="true" />
53
54            <intent-filter android:autoVerify="true" >
55                <action android:name="android.intent.action.VIEW" />
56
57                <category android:name="android.intent.category.DEFAULT" />
58                <category android:name="android.intent.category.BROWSABLE" />
59
60                <data
60-->[:file_picker] AndroidManifest.xml:15:13-44
61                    android:host="com.example.vida"
62                    android:scheme="kpg" />
63            </intent-filter>
64
65            <!--
66                 Specifies an Android theme to apply to this Activity as soon as
67                 the Android process has started. This theme is visible to the user
68                 while the Flutter UI initializes. After that, this theme continues
69                 to determine the Window background behind the Flutter UI.
70            -->
71            <meta-data
72                android:name="io.flutter.embedding.android.NormalTheme"
73                android:resource="@style/NormalTheme" />
74
75            <intent-filter>
76                <action android:name="android.intent.action.MAIN" />
77
78                <category android:name="android.intent.category.LAUNCHER" />
79            </intent-filter>
80        </activity>
81        <!--
82             Don't delete the meta-data below.
83             This is used by the Flutter tool to generate GeneratedPluginRegistrant.java
84        -->
85        <meta-data
86            android:name="flutterEmbedding"
87            android:value="2" />
88
89        <service
89-->[:cloud_firestore] AndroidManifest.xml:10:9-14:19
90            android:name="com.google.firebase.components.ComponentDiscoveryService"
90-->[:cloud_firestore] AndroidManifest.xml:10:18-89
91            android:directBootAware="true"
91-->[com.google.firebase:firebase-common:20.1.1] AndroidManifest.xml:35:13-43
92            android:exported="false" >
92-->[com.google.firebase:firebase-firestore:24.1.2] AndroidManifest.xml:19:13-37
93            <meta-data
93-->[:cloud_firestore] AndroidManifest.xml:11:13-13:85
94                android:name="com.google.firebase.components:io.flutter.plugins.firebase.firestore.FlutterFirebaseFirestoreRegistrar"
94-->[:cloud_firestore] AndroidManifest.xml:12:17-134
95                android:value="com.google.firebase.components.ComponentRegistrar" />
95-->[:cloud_firestore] AndroidManifest.xml:13:17-82
96            <meta-data
96-->[:firebase_core] AndroidManifest.xml:11:13-13:85
97                android:name="com.google.firebase.components:io.flutter.plugins.firebase.core.FlutterFirebaseCoreRegistrar"
97-->[:firebase_core] AndroidManifest.xml:12:17-124
98                android:value="com.google.firebase.components.ComponentRegistrar" />
98-->[:firebase_core] AndroidManifest.xml:13:17-82
99            <meta-data
99-->[com.google.firebase:firebase-firestore:24.1.2] AndroidManifest.xml:20:13-22:85
100                android:name="com.google.firebase.components:com.google.firebase.firestore.FirestoreRegistrar"
100-->[com.google.firebase:firebase-firestore:24.1.2] AndroidManifest.xml:21:17-111
101                android:value="com.google.firebase.components.ComponentRegistrar" />
101-->[com.google.firebase:firebase-firestore:24.1.2] AndroidManifest.xml:22:17-82
102        </service>
103
104        <receiver
104-->[:flutter_local_notifications] AndroidManifest.xml:16:9-18:40
105            android:name="com.dexterous.flutterlocalnotifications.ScheduledNotificationReceiver"
105-->[:flutter_local_notifications] AndroidManifest.xml:17:13-97
106            android:exported="false" />
106-->[:flutter_local_notifications] AndroidManifest.xml:18:13-37
107        <receiver
107-->[:flutter_local_notifications] AndroidManifest.xml:19:9-28:20
108            android:name="com.dexterous.flutterlocalnotifications.ScheduledNotificationBootReceiver"
108-->[:flutter_local_notifications] AndroidManifest.xml:20:13-101
109            android:exported="false" >
109-->[:flutter_local_notifications] AndroidManifest.xml:21:13-37
110            <intent-filter>
110-->[:flutter_local_notifications] AndroidManifest.xml:22:13-27:29
111                <action android:name="android.intent.action.BOOT_COMPLETED" />
111-->[:flutter_local_notifications] AndroidManifest.xml:23:17-79
111-->[:flutter_local_notifications] AndroidManifest.xml:23:25-76
112                <action android:name="android.intent.action.MY_PACKAGE_REPLACED" />
112-->[:flutter_local_notifications] AndroidManifest.xml:24:17-84
112-->[:flutter_local_notifications] AndroidManifest.xml:24:25-81
113                <action android:name="android.intent.action.QUICKBOOT_POWERON" />
113-->[:flutter_local_notifications] AndroidManifest.xml:25:17-82
113-->[:flutter_local_notifications] AndroidManifest.xml:25:25-79
114                <action android:name="com.htc.intent.action.QUICKBOOT_POWERON" />
114-->[:flutter_local_notifications] AndroidManifest.xml:26:17-82
114-->[:flutter_local_notifications] AndroidManifest.xml:26:25-79
115            </intent-filter>
116        </receiver>
117
118        <uses-library
118-->[androidx.window:window:1.0.0-beta04] AndroidManifest.xml:25:9-27:40
119            android:name="androidx.window.extensions"
119-->[androidx.window:window:1.0.0-beta04] AndroidManifest.xml:26:13-54
120            android:required="false" />
120-->[androidx.window:window:1.0.0-beta04] AndroidManifest.xml:27:13-37
121        <uses-library
121-->[androidx.window:window:1.0.0-beta04] AndroidManifest.xml:28:9-30:40
122            android:name="androidx.window.sidecar"
122-->[androidx.window:window:1.0.0-beta04] AndroidManifest.xml:29:13-51
123            android:required="false" />
123-->[androidx.window:window:1.0.0-beta04] AndroidManifest.xml:30:13-37
124
125        <provider
125-->[com.google.firebase:firebase-common:20.1.1] AndroidManifest.xml:26:9-31:39
126            android:name="com.google.firebase.provider.FirebaseInitProvider"
126-->[com.google.firebase:firebase-common:20.1.1] AndroidManifest.xml:27:13-77
127            android:authorities="com.example.vida.firebaseinitprovider"
127-->[com.google.firebase:firebase-common:20.1.1] AndroidManifest.xml:28:13-72
128            android:directBootAware="true"
128-->[com.google.firebase:firebase-common:20.1.1] AndroidManifest.xml:29:13-43
129            android:exported="false"
129-->[com.google.firebase:firebase-common:20.1.1] AndroidManifest.xml:30:13-37
130            android:initOrder="100" />
130-->[com.google.firebase:firebase-common:20.1.1] AndroidManifest.xml:31:13-36
131
132        <activity
132-->[com.google.android.gms:play-services-base:18.0.1] AndroidManifest.xml:20:9-22:45
133            android:name="com.google.android.gms.common.api.GoogleApiActivity"
133-->[com.google.android.gms:play-services-base:18.0.1] AndroidManifest.xml:20:19-85
134            android:exported="false"
134-->[com.google.android.gms:play-services-base:18.0.1] AndroidManifest.xml:22:19-43
135            android:theme="@android:style/Theme.Translucent.NoTitleBar" />
135-->[com.google.android.gms:play-services-base:18.0.1] AndroidManifest.xml:21:19-78
136
137        <meta-data
137-->[com.google.android.gms:play-services-basement:18.0.0] AndroidManifest.xml:21:9-23:69
138            android:name="com.google.android.gms.version"
138-->[com.google.android.gms:play-services-basement:18.0.0] AndroidManifest.xml:22:13-58
139            android:value="@integer/google_play_services_version" />
139-->[com.google.android.gms:play-services-basement:18.0.0] AndroidManifest.xml:23:13-66
140
141        <activity
141-->[:eSewaSdk:] AndroidManifest.xml:15:9-18:58
142            android:name="com.esewa.android.sdk.payment.ESewaLoginActivity"
142-->[:eSewaSdk:] AndroidManifest.xml:16:13-76
143            android:screenOrientation="portrait"
143-->[:eSewaSdk:] AndroidManifest.xml:17:13-49
144            android:windowSoftInputMode="adjustResize" />
144-->[:eSewaSdk:] AndroidManifest.xml:18:13-55
145        <activity
145-->[:eSewaSdk:] AndroidManifest.xml:19:9-21:52
146            android:name="com.esewa.android.sdk.payment.ESewaPaymentConfirmActivity"
146-->[:eSewaSdk:] AndroidManifest.xml:20:13-85
147            android:screenOrientation="portrait" />
147-->[:eSewaSdk:] AndroidManifest.xml:21:13-49
148        <activity
148-->[:eSewaSdk:] AndroidManifest.xml:22:9-24:52
149            android:name="com.esewa.android.sdk.payment.ESewaPaymentActivity"
149-->[:eSewaSdk:] AndroidManifest.xml:23:13-78
150            android:screenOrientation="portrait" />
150-->[:eSewaSdk:] AndroidManifest.xml:24:13-49
151
152        <uses-library
152-->[:eSewaSdk:] AndroidManifest.xml:26:9-28:40
153            android:name="org.apache.http.legacy"
153-->[:eSewaSdk:] AndroidManifest.xml:27:13-50
154            android:required="false" />
154-->[:eSewaSdk:] AndroidManifest.xml:28:13-37
155    </application>
156
157</manifest>